<?xml version="1.0" encoding="UTF-8"?>
<!-- Generated by org.testng.reporters.JUnitReportReporter -->
<testsuite hostname="IMS-HP240G9-012" failures="0" tests="3" name="testNGPractice.Grouping" time="0.012" errors="0" timestamp="2025-02-24T13:16:52 IST" skipped="0">
  <testcase classname="testNGPractice.Grouping" name="loginByEmail" time="0.009"/>
  <system-out/>
  <testcase classname="testNGPractice.Grouping" name="loginByFb" time="0.002"/>
  <system-out/>
  <testcase classname="testNGPractice.Grouping" name="loginBytwitter" time="0.001"/>
  <system-out/>
</testsuite> <!-- testNGPractice.Grouping -->
