<?xml version="1.0" encoding="UTF-8"?>
<!-- Generated by org.testng.reporters.JUnitReportReporter -->
<testsuite hostname="IMS-HP240G9-012" failures="0" tests="1" name="pomPack.TestClass" time="1.823" errors="0" timestamp="2025-02-24T19:47:36 IST" skipped="0">
  <testcase classname="pomPack.TestClass" name="testLogin" time="1.823"/>
  <system-out/>
</testsuite> <!-- pomPack.TestClass -->
