<?xml version="1.0" encoding="UTF-8"?>
<!-- Generated by org.testng.reporters.JUnitReportReporter -->
<testsuite hostname="IMS-HP240G9-012" failures="0" tests="2" name="testNGPractice.TestAnnotations" time="0.018" errors="0" timestamp="2025-02-24T12:45:52 IST" skipped="0">
  <testcase classname="testNGPractice.TestAnnotations" name="search" time="0.014"/>
  <system-out/>
  <testcase classname="testNGPractice.TestAnnotations" name="advSearch" time="0.004"/>
  <system-out/>
</testsuite> <!-- testNGPractice.TestAnnotations -->
