<?xml version="1.0" encoding="UTF-8"?>
<!-- Generated by org.testng.reporters.JUnitReportReporter -->
<testsuite hostname="IMS-HP240G9-012" failures="0" tests="3" name="testNGPractice.SignupGrouping1" time="0.016" errors="0" timestamp="2025-02-24T13:58:43 IST" skipped="0">
  <testcase classname="testNGPractice.SignupGrouping1" name="signupByEmail" time="0.012"/>
  <system-out/>
  <testcase classname="testNGPractice.SignupGrouping1" name="signupByFb" time="0.002"/>
  <system-out/>
  <testcase classname="testNGPractice.SignupGrouping1" name="signupBytwitter" time="0.002"/>
  <system-out/>
</testsuite> <!-- testNGPractice.SignupGrouping1 -->
