<?xml version="1.0" encoding="UTF-8"?>
<!-- Generated by org.testng.reporters.JUnitReportReporter -->
<testsuite hostname="IMS-HP240G9-012" failures="0" tests="2" name="testNGPractice.TestAnnotations2" time="0.009" errors="0" timestamp="2025-02-24T13:05:19 IST" skipped="0">
  <testcase classname="testNGPractice.TestAnnotations2" name="search" time="0.007"/>
  <system-out/>
  <testcase classname="testNGPractice.TestAnnotations2" name="advsearch" time="0.002"/>
  <system-out/>
</testsuite> <!-- testNGPractice.TestAnnotations2 -->
