<?xml version="1.0" encoding="UTF-8"?>
<!-- Generated by org.testng.reporters.JUnitReportReporter -->
<testsuite hostname="IMS-HP240G9-012" failures="0" tests="3" name="testNGPractice.LoginGrouping" time="0.013" errors="0" timestamp="2025-02-24T13:57:36 IST" skipped="0">
  <testcase classname="testNGPractice.LoginGrouping" name="loginByEmail" time="0.010"/>
  <system-out/>
  <testcase classname="testNGPractice.LoginGrouping" name="loginByFb" time="0.001"/>
  <system-out/>
  <testcase classname="testNGPractice.LoginGrouping" name="loginBytwitter" time="0.002"/>
  <system-out/>
</testsuite> <!-- testNGPractice.LoginGrouping -->
