<?xml version="1.0" encoding="UTF-8"?>
<!-- Generated by org.testng.reporters.JUnitReportReporter -->
<testsuite hostname="IMS-HP240G9-012" failures="0" tests="3" name="testNGPractice.FirstProgram" time="4.575" errors="0" timestamp="2025-02-24T12:38:41 IST" skipped="0">
  <testcase classname="testNGPractice.FirstProgram" name="openURLMethod" time="3.841"/>
  <system-out/>
  <testcase classname="testNGPractice.FirstProgram" name="loginMethod" time="0.353"/>
  <system-out/>
  <testcase classname="testNGPractice.FirstProgram" name="logoutMethod" time="0.381"/>
  <system-out/>
</testsuite> <!-- testNGPractice.FirstProgram -->
